m=a:1741 Deprecated API for given entry type.
kzf.activate @ m=a:1741
gmail-integration.js:18 Email Assistant Extension initialized
Error with Permissions-Policy header: Unrecognized feature: 'ch-ua-form-factors'.
Error with Permissions-Policy header: Unrecognized feature: 'ch-ua-form-factors'.
Error with Permissions-Policy header: Unrecognized feature: 'ch-ua-form-factors'.
Error with Permissions-Policy header: Unrecognized feature: 'ch-ua-form-factors'.
Error with Permissions-Policy header: Unrecognized feature: 'ch-ua-form-factors'.
Error with Permissions-Policy header: Unrecognized feature: 'ch-ua-form-factors'.
 Deprecated API for given entry type.
Kg @ chat.google.com/_/sc…f,UUJqVe,MpJwZc:793
 Deprecated API for given entry type.
Kg @ chat.google.com/_/sc…f,UUJqVe,MpJwZc:793
 Deprecated API for given entry type.
Kg @ chat.google.com/_/sc…f,UUJqVe,MpJwZc:793
 Deprecated API for given entry type.
Kg @ chat.google.com/_/sc…f,UUJqVe,MpJwZc:793
 Deprecated API for given entry type.
Kg @ chat.google.com/_/sc…f,UUJqVe,MpJwZc:793
m=_b,_tp,byfTOb,lsjVmc,LEikZe,n73qwf,UUJqVe,MpJwZc:793 Deprecated API for given entry type.
Kg @ m=_b,_tp,byfTOb,lsjVmc,LEikZe,n73qwf,UUJqVe,MpJwZc:793
Error with Permissions-Policy header: Unrecognized feature: 'ch-ua-form-factors'.
/mail/u/0/data?tab=rm&ogbl&sw=2&token=%5B%22cftp%22,%22b11e9b7c84%22,%22gmail.pinto-server_20250609.07_p0%22,%224xZtFcmMfDU-lL0gGe71dQ%5Cu003d%5Cu003d%22,null,2,%22Qs0SX,AkloSe,kbcl1e%22%5D&dilte=0&gme=1&sme=1&pt=ji&di=0:1 Document-Policy HTTP header: Unrecognized document policy feature name include-js-call-stacks-in-crash-reports.
/mail/u/0/data?tab=rm&ogbl&sw=2&token=%5B%22cftp%22,%22b11e9b7c84%22,%22gmail.pinto-server_20250609.07_p0%22,%224xZtFcmMfDU-lL0gGe71dQ%5Cu003d%5Cu003d%22,null,2,%22Qs0SX,AkloSe,kbcl1e%22%5D&dilte=0&gme=1&sme=1&pt=ji&di=0:1 An iframe which has both allow-scripts and allow-same-origin for its sandbox attribute can escape its sandboxing.
Error with Permissions-Policy header: Unrecognized feature: 'ch-ua-form-factors'.
Error with Permissions-Policy header: Unrecognized feature: 'ch-ua-form-factors'.
Error with Permissions-Policy header: Unrecognized feature: 'ch-ua-form-factors'.
Error with Permissions-Policy header: Unrecognized feature: 'ch-ua-form-factors'.
Error with Permissions-Policy header: Unrecognized feature: 'ch-ua-form-factors'.
Error with Permissions-Policy header: Unrecognized feature: 'ch-ua-form-factors'.
Error with Permissions-Policy header: Unrecognized feature: 'ch-ua-form-factors'.
Error with Permissions-Policy header: Unrecognized feature: 'ch-ua-form-factors'.
Error with Permissions-Policy header: Unrecognized feature: 'ch-ua-form-factors'.
Error with Permissions-Policy header: Unrecognized feature: 'ch-ua-form-factors'.
Error with Permissions-Policy header: Unrecognized feature: 'ch-ua-form-factors'.
Error with Permissions-Policy header: Unrecognized feature: 'ch-ua-form-factors'.
Error with Permissions-Policy header: Unrecognized feature: 'ch-ua-form-factors'.
Error with Permissions-Policy header: Unrecognized feature: 'ch-ua-form-factors'.
Error with Permissions-Policy header: Unrecognized feature: 'ch-ua-form-factors'.
Error with Permissions-Policy header: Unrecognized feature: 'ch-ua-form-factors'.
Error with Permissions-Policy header: Unrecognized feature: 'ch-ua-form-factors'.
Error with Permissions-Policy header: Unrecognized feature: 'ch-ua-form-factors'.
Error with Permissions-Policy header: Unrecognized feature: 'ch-ua-form-factors'.
Error with Permissions-Policy header: Unrecognized feature: 'ch-ua-form-factors'.
Error with Permissions-Policy header: Unrecognized feature: 'ch-ua-form-factors'.
Error with Permissions-Policy header: Unrecognized feature: 'ch-ua-form-factors'.
Error with Permissions-Policy header: Unrecognized feature: 'ch-ua-form-factors'.
Error with Permissions-Policy header: Unrecognized feature: 'ch-ua-form-factors'.
Error with Permissions-Policy header: Unrecognized feature: 'ch-ua-form-factors'.
Error with Permissions-Policy header: Unrecognized feature: 'ch-ua-form-factors'.
Error with Permissions-Policy header: Unrecognized feature: 'ch-ua-form-factors'.
Error with Permissions-Policy header: Unrecognized feature: 'ch-ua-form-factors'.
Error with Permissions-Policy header: Unrecognized feature: 'ch-ua-form-factors'.
Error with Permissions-Policy header: Unrecognized feature: 'ch-ua-form-factors'.
Error with Permissions-Policy header: Unrecognized feature: 'ch-ua-form-factors'.
Error with Permissions-Policy header: Unrecognized feature: 'ch-ua-form-factors'.
Error with Permissions-Policy header: Unrecognized feature: 'ch-ua-form-factors'.
m=SxFs5c,k2nH2,WYapUc,UZdBGe,txWZMe,FY4xZc,y6n3vc,RI4GO,FONIae,VOAugd,Kq0GUb,pauPV:325 Unrecognized feature: 'speaker'.
IDo @ m=SxFs5c,k2nH2,WYapUc,UZdBGe,txWZMe,FY4xZc,y6n3vc,RI4GO,FONIae,VOAugd,Kq0GUb,pauPV:325
Error with Permissions-Policy header: Unrecognized feature: 'ch-ua-form-factors'.
Error with Permissions-Policy header: Unrecognized feature: 'ch-ua-form-factors'.
The service worker navigation preload request was cancelled before 'preloadResponse' settled. If you intend to use 'preloadResponse', use waitUntil() or respondWith() to wait for the promise to settle.
Error with Permissions-Policy header: Unrecognized feature: 'ch-ua-form-factors'.
bscframe:1 Document-Policy HTTP header: Unrecognized document policy feature name include-js-call-stacks-in-crash-reports.
gmail-integration.js:423 Uncaught (in promise) Error: Extension context invalidated.
    at gmail-integration.js:423:20
    at new Promise (<anonymous>)
    at getRelationship (gmail-integration.js:422:10)
    at handleTranslateButtonClick (gmail-integration.js:587:3)
    at HTMLDivElement.<anonymous> (gmail-integration.js:83:53)
（匿名） @ gmail-integration.js:423
getRelationship @ gmail-integration.js:422
handleTranslateButtonClick @ gmail-integration.js:587
（匿名） @ gmail-integration.js:83
Promise.then（非同期）
handleTranslateButtonClick @ gmail-integration.js:587
（匿名） @ gmail-integration.js:83
他 6 件のフレームを表示
一部表示
gmail-integration.js:423 Uncaught (in promise) Error: Extension context invalidated.
    at gmail-integration.js:423:20
    at new Promise (<anonymous>)
    at getRelationship (gmail-integration.js:422:10)
    at handleTranslateButtonClick (gmail-integration.js:587:3)
    at HTMLDivElement.<anonymous> (gmail-integration.js:83:53)
（匿名） @ gmail-integration.js:423
getRelationship @ gmail-integration.js:422
handleTranslateButtonClick @ gmail-integration.js:587
（匿名） @ gmail-integration.js:83
Promise.then（非同期）
handleTranslateButtonClick @ gmail-integration.js:587
（匿名） @ gmail-integration.js:83
他 6 件のフレームを表示
一部表示
